{"C:\\Users\\ASUS\\Projects\\ppl\\ppl-rs\\ppl-be\\src\\controllers\\doctorController.ts": {"path":"C:\\Users\\ASUS\\Projects\\ppl\\ppl-rs\\ppl-be\\src\\controllers\\doctorController.ts","statementMap":{"0":{"start":{"line":2,"column":0},"end":{"line":2,"column":59}},"1":{"start":{"line":5,"column":38},"end":{"line":26,"column":1}},"2":{"start":{"line":6,"column":2},"end":{"line":25,"column":3}},"3":{"start":{"line":7,"column":20},"end":{"line":7,"column":55}},"4":{"start":{"line":9,"column":50},"end":{"line":13,"column":6}},"5":{"start":{"line":15,"column":4},"end":{"line":15,"column":35}},"6":{"start":{"line":17,"column":4},"end":{"line":17,"column":51}},"7":{"start":{"line":19,"column":40},"end":{"line":22,"column":6}},"8":{"start":{"line":24,"column":4},"end":{"line":24,"column":35}},"9":{"start":{"line":28,"column":51},"end":{"line":60,"column":1}},"10":{"start":{"line":29,"column":2},"end":{"line":59,"column":3}},"11":{"start":{"line":30,"column":31},"end":{"line":30,"column":41}},"12":{"start":{"line":32,"column":4},"end":{"line":39,"column":5}},"13":{"start":{"line":33,"column":42},"end":{"line":36,"column":8}},"14":{"start":{"line":37,"column":6},"end":{"line":37,"column":37}},"15":{"start":{"line":38,"column":6},"end":{"line":38,"column":13}},"16":{"start":{"line":41,"column":20},"end":{"line":41,"column":82}},"17":{"start":{"line":43,"column":50},"end":{"line":47,"column":6}},"18":{"start":{"line":49,"column":4},"end":{"line":49,"column":35}},"19":{"start":{"line":51,"column":4},"end":{"line":51,"column":69}},"20":{"start":{"line":53,"column":40},"end":{"line":56,"column":6}},"21":{"start":{"line":58,"column":4},"end":{"line":58,"column":35}},"22":{"start":{"line":62,"column":46},"end":{"line":83,"column":1}},"23":{"start":{"line":63,"column":2},"end":{"line":82,"column":3}},"24":{"start":{"line":64,"column":28},"end":{"line":64,"column":71}},"25":{"start":{"line":66,"column":58},"end":{"line":70,"column":6}},"26":{"start":{"line":72,"column":4},"end":{"line":72,"column":35}},"27":{"start":{"line":74,"column":4},"end":{"line":74,"column":59}},"28":{"start":{"line":76,"column":40},"end":{"line":79,"column":6}},"29":{"start":{"line":81,"column":4},"end":{"line":81,"column":35}},"30":{"start":{"line":85,"column":13},"end":{"line":89,"column":2}}},"fnMap":{"0":{"name":"(anonymous_0)","decl":{"start":{"line":5,"column":38},"end":{"line":5,"column":43}},"loc":{"start":{"line":5,"column":57},"end":{"line":26,"column":1}}},"1":{"name":"(anonymous_1)","decl":{"start":{"line":28,"column":51},"end":{"line":28,"column":56}},"loc":{"start":{"line":28,"column":70},"end":{"line":60,"column":1}}},"2":{"name":"(anonymous_2)","decl":{"start":{"line":62,"column":46},"end":{"line":62,"column":51}},"loc":{"start":{"line":62,"column":65},"end":{"line":83,"column":1}}}},"branchMap":{"0":{"loc":{"start":{"line":32,"column":4},"end":{"line":39,"column":5}},"type":"if","locations":[{"start":{"line":32,"column":4},"end":{"line":39,"column":5}}]}},"s":{"0":1,"1":1,"2":2,"3":2,"4":1,"5":1,"6":1,"7":1,"8":1,"9":1,"10":3,"11":3,"12":3,"13":1,"14":1,"15":1,"16":2,"17":1,"18":1,"19":1,"20":1,"21":1,"22":1,"23":2,"24":2,"25":1,"26":1,"27":1,"28":1,"29":1,"30":1},"f":{"0":2,"1":3,"2":2},"b":{"0":[1]}}
,"C:\\Users\\ASUS\\Projects\\ppl\\ppl-rs\\ppl-be\\src\\controllers\\patientQueueController.ts": {"path":"C:\\Users\\ASUS\\Projects\\ppl\\ppl-rs\\ppl-be\\src\\controllers\\patientQueueController.ts","statementMap":{"0":{"start":{"line":2,"column":0},"end":{"line":2,"column":71}},"1":{"start":{"line":3,"column":0},"end":{"line":3,"column":59}},"2":{"start":{"line":5,"column":0},"end":{"line":5,"column":46}},"3":{"start":{"line":6,"column":15},"end":{"line":6,"column":33}},"4":{"start":{"line":9,"column":44},"end":{"line":42,"column":1}},"5":{"start":{"line":10,"column":2},"end":{"line":41,"column":3}},"6":{"start":{"line":11,"column":26},"end":{"line":11,"column":73}},"7":{"start":{"line":13,"column":35},"end":{"line":23,"column":7}},"8":{"start":{"line":13,"column":119},"end":{"line":23,"column":6}},"9":{"start":{"line":25,"column":65},"end":{"line":29,"column":6}},"10":{"start":{"line":31,"column":4},"end":{"line":31,"column":35}},"11":{"start":{"line":33,"column":4},"end":{"line":33,"column":58}},"12":{"start":{"line":34,"column":40},"end":{"line":37,"column":6}},"13":{"start":{"line":39,"column":4},"end":{"line":39,"column":35}},"14":{"start":{"line":40,"column":4},"end":{"line":40,"column":23}},"15":{"start":{"line":45,"column":43},"end":{"line":112,"column":1}},"16":{"start":{"line":46,"column":2},"end":{"line":111,"column":3}},"17":{"start":{"line":47,"column":47},"end":{"line":47,"column":55}},"18":{"start":{"line":49,"column":4},"end":{"line":52,"column":5}},"19":{"start":{"line":50,"column":6},"end":{"line":50,"column":81}},"20":{"start":{"line":51,"column":6},"end":{"line":51,"column":13}},"21":{"start":{"line":54,"column":4},"end":{"line":57,"column":5}},"22":{"start":{"line":55,"column":6},"end":{"line":55,"column":104}},"23":{"start":{"line":56,"column":6},"end":{"line":56,"column":13}},"24":{"start":{"line":59,"column":19},"end":{"line":59,"column":80}},"25":{"start":{"line":60,"column":4},"end":{"line":63,"column":5}},"26":{"start":{"line":61,"column":6},"end":{"line":61,"column":80}},"27":{"start":{"line":62,"column":6},"end":{"line":62,"column":13}},"28":{"start":{"line":65,"column":26},"end":{"line":70,"column":6}},"29":{"start":{"line":72,"column":4},"end":{"line":78,"column":5}},"30":{"start":{"line":73,"column":6},"end":{"line":76,"column":9}},"31":{"start":{"line":77,"column":6},"end":{"line":77,"column":13}},"32":{"start":{"line":80,"column":28},"end":{"line":80,"column":90}},"33":{"start":{"line":83,"column":30},"end":{"line":93,"column":6}},"34":{"start":{"line":95,"column":60},"end":{"line":99,"column":6}},"35":{"start":{"line":101,"column":4},"end":{"line":101,"column":35}},"36":{"start":{"line":103,"column":4},"end":{"line":103,"column":58}},"37":{"start":{"line":105,"column":40},"end":{"line":108,"column":6}},"38":{"start":{"line":110,"column":4},"end":{"line":110,"column":35}},"39":{"start":{"line":116,"column":43},"end":{"line":150,"column":1}},"40":{"start":{"line":117,"column":2},"end":{"line":149,"column":3}},"41":{"start":{"line":118,"column":15},"end":{"line":118,"column":38}},"42":{"start":{"line":120,"column":4},"end":{"line":123,"column":5}},"43":{"start":{"line":121,"column":6},"end":{"line":121,"column":80}},"44":{"start":{"line":122,"column":6},"end":{"line":122,"column":13}},"45":{"start":{"line":125,"column":25},"end":{"line":125,"column":74}},"46":{"start":{"line":126,"column":4},"end":{"line":129,"column":5}},"47":{"start":{"line":127,"column":6},"end":{"line":127,"column":81}},"48":{"start":{"line":128,"column":6},"end":{"line":128,"column":13}},"49":{"start":{"line":131,"column":32},"end":{"line":131,"column":80}},"50":{"start":{"line":133,"column":62},"end":{"line":137,"column":6}},"51":{"start":{"line":139,"column":4},"end":{"line":139,"column":35}},"52":{"start":{"line":141,"column":4},"end":{"line":141,"column":58}},"53":{"start":{"line":143,"column":40},"end":{"line":146,"column":6}},"54":{"start":{"line":148,"column":4},"end":{"line":148,"column":35}},"55":{"start":{"line":152,"column":13},"end":{"line":156,"column":2}}},"fnMap":{"0":{"name":"(anonymous_0)","decl":{"start":{"line":9,"column":44},"end":{"line":9,"column":49}},"loc":{"start":{"line":9,"column":69},"end":{"line":42,"column":1}}},"1":{"name":"(anonymous_1)","decl":{"start":{"line":13,"column":53},"end":{"line":13,"column":54}},"loc":{"start":{"line":13,"column":119},"end":{"line":23,"column":6}}},"2":{"name":"(anonymous_2)","decl":{"start":{"line":45,"column":43},"end":{"line":45,"column":48}},"loc":{"start":{"line":45,"column":77},"end":{"line":112,"column":1}}},"3":{"name":"(anonymous_3)","decl":{"start":{"line":116,"column":43},"end":{"line":116,"column":48}},"loc":{"start":{"line":116,"column":62},"end":{"line":150,"column":1}}}},"branchMap":{"0":{"loc":{"start":{"line":49,"column":4},"end":{"line":52,"column":5}},"type":"if","locations":[{"start":{"line":49,"column":4},"end":{"line":52,"column":5}}]},"1":{"loc":{"start":{"line":54,"column":4},"end":{"line":57,"column":5}},"type":"if","locations":[{"start":{"line":54,"column":4},"end":{"line":57,"column":5}}]},"2":{"loc":{"start":{"line":60,"column":4},"end":{"line":63,"column":5}},"type":"if","locations":[{"start":{"line":60,"column":4},"end":{"line":63,"column":5}}]},"3":{"loc":{"start":{"line":72,"column":4},"end":{"line":78,"column":5}},"type":"if","locations":[{"start":{"line":72,"column":4},"end":{"line":78,"column":5}}]},"4":{"loc":{"start":{"line":120,"column":4},"end":{"line":123,"column":5}},"type":"if","locations":[{"start":{"line":120,"column":4},"end":{"line":123,"column":5}}]},"5":{"loc":{"start":{"line":126,"column":4},"end":{"line":129,"column":5}},"type":"if","locations":[{"start":{"line":126,"column":4},"end":{"line":129,"column":5}}]}},"s":{"0":1,"1":1,"2":1,"3":1,"4":1,"5":2,"6":2,"7":1,"8":1,"9":1,"10":1,"11":1,"12":1,"13":1,"14":1,"15":1,"16":6,"17":6,"18":6,"19":1,"20":1,"21":5,"22":1,"23":1,"24":4,"25":4,"26":1,"27":1,"28":3,"29":3,"30":1,"31":1,"32":2,"33":1,"34":1,"35":1,"36":1,"37":1,"38":1,"39":1,"40":4,"41":4,"42":4,"43":1,"44":1,"45":3,"46":3,"47":1,"48":1,"49":2,"50":1,"51":1,"52":1,"53":1,"54":1,"55":1},"f":{"0":2,"1":1,"2":6,"3":4},"b":{"0":[1],"1":[1],"2":[1],"3":[1],"4":[1],"5":[1]}}
,"C:\\Users\\ASUS\\Projects\\ppl\\ppl-rs\\ppl-be\\src\\middlewares\\errorHandler.ts": {"path":"C:\\Users\\ASUS\\Projects\\ppl\\ppl-rs\\ppl-be\\src\\middlewares\\errorHandler.ts","statementMap":{"0":{"start":{"line":4,"column":28},"end":{"line":21,"column":1}},"1":{"start":{"line":10,"column":2},"end":{"line":10,"column":39}},"2":{"start":{"line":11,"column":2},"end":{"line":11,"column":27}},"3":{"start":{"line":13,"column":21},"end":{"line":13,"column":66}},"4":{"start":{"line":15,"column":43},"end":{"line":18,"column":4}},"5":{"start":{"line":20,"column":2},"end":{"line":20,"column":45}},"6":{"start":{"line":4,"column":13},"end":{"line":4,"column":28}},"7":{"start":{"line":23,"column":24},"end":{"line":27,"column":1}},"8":{"start":{"line":24,"column":16},"end":{"line":24,"column":59}},"9":{"start":{"line":25,"column":2},"end":{"line":25,"column":18}},"10":{"start":{"line":26,"column":2},"end":{"line":26,"column":14}},"11":{"start":{"line":23,"column":13},"end":{"line":23,"column":24}}},"fnMap":{"0":{"name":"(anonymous_0)","decl":{"start":{"line":4,"column":28},"end":{"line":4,"column":null}},"loc":{"start":{"line":9,"column":4},"end":{"line":21,"column":1}}},"1":{"name":"(anonymous_1)","decl":{"start":{"line":23,"column":24},"end":{"line":23,"column":25}},"loc":{"start":{"line":23,"column":76},"end":{"line":27,"column":1}}}},"branchMap":{"0":{"loc":{"start":{"line":13,"column":21},"end":{"line":13,"column":66}},"type":"cond-expr","locations":[{"start":{"line":13,"column":46},"end":{"line":13,"column":49}},{"start":{"line":13,"column":52},"end":{"line":13,"column":66}}]},"1":{"loc":{"start":{"line":17,"column":11},"end":{"line":17,"column":49}},"type":"binary-expr","locations":[{"start":{"line":17,"column":11},"end":{"line":17,"column":22}},{"start":{"line":17,"column":26},"end":{"line":17,"column":49}}]}},"s":{"0":1,"1":4,"2":4,"3":4,"4":4,"5":4,"6":1,"7":1,"8":3,"9":3,"10":3,"11":1},"f":{"0":4,"1":3},"b":{"0":[2,2],"1":[4,1]}}
,"C:\\Users\\ASUS\\Projects\\ppl\\ppl-rs\\ppl-be\\src\\services\\doctorServices.ts": {"path":"C:\\Users\\ASUS\\Projects\\ppl\\ppl-rs\\ppl-be\\src\\services\\doctorServices.ts","statementMap":{"0":{"start":{"line":1,"column":0},"end":{"line":1,"column":46}},"1":{"start":{"line":4,"column":15},"end":{"line":4,"column":33}},"2":{"start":{"line":6,"column":13},"end":{"line":50,"column":2}},"3":{"start":{"line":9,"column":4},"end":{"line":13,"column":7}},"4":{"start":{"line":18,"column":4},"end":{"line":28,"column":7}},"5":{"start":{"line":33,"column":28},"end":{"line":41,"column":6}},"6":{"start":{"line":42,"column":4},"end":{"line":42,"column":27}},"7":{"start":{"line":46,"column":4},"end":{"line":48,"column":7}}},"fnMap":{"0":{"name":"(anonymous_0)","decl":{"start":{"line":8,"column":17},"end":{"line":8,"column":22}},"loc":{"start":{"line":8,"column":28},"end":{"line":14,"column":3}}},"1":{"name":"(anonymous_1)","decl":{"start":{"line":17,"column":30},"end":{"line":17,"column":35}},"loc":{"start":{"line":17,"column":63},"end":{"line":29,"column":3}}},"2":{"name":"(anonymous_2)","decl":{"start":{"line":32,"column":25},"end":{"line":32,"column":30}},"loc":{"start":{"line":32,"column":69},"end":{"line":43,"column":3}}},"3":{"name":"(anonymous_3)","decl":{"start":{"line":45,"column":17},"end":{"line":45,"column":22}},"loc":{"start":{"line":45,"column":38},"end":{"line":49,"column":3}}}},"branchMap":{},"s":{"0":2,"1":2,"2":2,"3":3,"4":3,"5":2,"6":2,"7":2},"f":{"0":3,"1":3,"2":2,"3":2},"b":{}}
,"C:\\Users\\ASUS\\Projects\\ppl\\ppl-rs\\ppl-be\\src\\services\\patientQueueServices.ts": {"path":"C:\\Users\\ASUS\\Projects\\ppl\\ppl-rs\\ppl-be\\src\\services\\patientQueueServices.ts","statementMap":{"0":{"start":{"line":1,"column":0},"end":{"line":1,"column":46}},"1":{"start":{"line":3,"column":0},"end":{"line":3,"column":67}},"2":{"start":{"line":5,"column":15},"end":{"line":5,"column":33}},"3":{"start":{"line":7,"column":13},"end":{"line":55,"column":2}},"4":{"start":{"line":10,"column":4},"end":{"line":18,"column":7}},"5":{"start":{"line":23,"column":25},"end":{"line":23,"column":66}},"6":{"start":{"line":25,"column":4},"end":{"line":36,"column":7}},"7":{"start":{"line":41,"column":4},"end":{"line":43,"column":7}},"8":{"start":{"line":47,"column":4},"end":{"line":53,"column":7}}},"fnMap":{"0":{"name":"(anonymous_0)","decl":{"start":{"line":9,"column":23},"end":{"line":9,"column":28}},"loc":{"start":{"line":9,"column":34},"end":{"line":19,"column":3}}},"1":{"name":"(anonymous_1)","decl":{"start":{"line":22,"column":22},"end":{"line":22,"column":27}},"loc":{"start":{"line":22,"column":55},"end":{"line":37,"column":3}}},"2":{"name":"(anonymous_2)","decl":{"start":{"line":40,"column":22},"end":{"line":40,"column":27}},"loc":{"start":{"line":40,"column":43},"end":{"line":44,"column":3}}},"3":{"name":"(anonymous_3)","decl":{"start":{"line":46,"column":23},"end":{"line":46,"column":28}},"loc":{"start":{"line":46,"column":44},"end":{"line":54,"column":3}}}},"branchMap":{},"s":{"0":2,"1":2,"2":2,"3":2,"4":3,"5":3,"6":2,"7":2,"8":2},"f":{"0":3,"1":3,"2":2,"3":2},"b":{}}
,"C:\\Users\\ASUS\\Projects\\ppl\\ppl-rs\\ppl-be\\src\\utils\\generateQueueNumber.ts": {"path":"C:\\Users\\ASUS\\Projects\\ppl\\ppl-rs\\ppl-be\\src\\utils\\generateQueueNumber.ts","statementMap":{"0":{"start":{"line":1,"column":0},"end":{"line":1,"column":46}},"1":{"start":{"line":3,"column":15},"end":{"line":3,"column":33}},"2":{"start":{"line":5,"column":35},"end":{"line":37,"column":1}},"3":{"start":{"line":7,"column":17},"end":{"line":10,"column":4}},"4":{"start":{"line":12,"column":2},"end":{"line":14,"column":3}},"5":{"start":{"line":13,"column":4},"end":{"line":13,"column":79}},"6":{"start":{"line":16,"column":22},"end":{"line":16,"column":69}},"7":{"start":{"line":19,"column":21},"end":{"line":19,"column":31}},"8":{"start":{"line":20,"column":2},"end":{"line":20,"column":34}},"9":{"start":{"line":22,"column":19},"end":{"line":22,"column":29}},"10":{"start":{"line":23,"column":2},"end":{"line":23,"column":37}},"11":{"start":{"line":25,"column":26},"end":{"line":33,"column":4}},"12":{"start":{"line":35,"column":22},"end":{"line":35,"column":80}},"13":{"start":{"line":36,"column":2},"end":{"line":36,"column":21}},"14":{"start":{"line":5,"column":13},"end":{"line":5,"column":35}}},"fnMap":{"0":{"name":"(anonymous_0)","decl":{"start":{"line":5,"column":35},"end":{"line":5,"column":40}},"loc":{"start":{"line":5,"column":79},"end":{"line":37,"column":1}}}},"branchMap":{"0":{"loc":{"start":{"line":12,"column":2},"end":{"line":14,"column":3}},"type":"if","locations":[{"start":{"line":12,"column":2},"end":{"line":14,"column":3}}]},"1":{"loc":{"start":{"line":12,"column":6},"end":{"line":12,"column":39}},"type":"binary-expr","locations":[{"start":{"line":12,"column":6},"end":{"line":12,"column":13}},{"start":{"line":12,"column":17},"end":{"line":12,"column":39}}]}},"s":{"0":2,"1":2,"2":2,"3":8,"4":8,"5":2,"6":6,"7":6,"8":6,"9":6,"10":6,"11":6,"12":6,"13":6,"14":2},"f":{"0":8},"b":{"0":[2],"1":[8,7]}}
}
