TN:
SF:src\controllers\doctorController.ts
FN:5,(anonymous_0)
FN:28,(anonymous_1)
FN:62,(anonymous_2)
FNF:3
FNH:3
FNDA:2,(anonymous_0)
FNDA:3,(anonymous_1)
FNDA:2,(anonymous_2)
DA:2,1
DA:5,1
DA:6,2
DA:7,2
DA:9,1
DA:15,1
DA:17,1
DA:19,1
DA:24,1
DA:28,1
DA:29,3
DA:30,3
DA:32,3
DA:33,1
DA:37,1
DA:38,1
DA:41,2
DA:43,1
DA:49,1
DA:51,1
DA:53,1
DA:58,1
DA:62,1
DA:63,2
DA:64,2
DA:66,1
DA:72,1
DA:74,1
DA:76,1
DA:81,1
DA:85,1
LF:31
LH:31
BRDA:32,0,0,1
BRF:1
BRH:1
end_of_record
TN:
SF:src\controllers\patientQueueController.ts
FN:9,(anonymous_0)
FN:13,(anonymous_1)
FN:45,(anonymous_2)
FN:116,(anonymous_3)
FNF:4
FNH:4
FNDA:2,(anonymous_0)
FNDA:1,(anonymous_1)
FNDA:6,(anonymous_2)
FNDA:4,(anonymous_3)
DA:2,1
DA:3,1
DA:5,1
DA:6,1
DA:9,1
DA:10,2
DA:11,2
DA:13,1
DA:25,1
DA:31,1
DA:33,1
DA:34,1
DA:39,1
DA:40,1
DA:45,1
DA:46,6
DA:47,6
DA:49,6
DA:50,1
DA:51,1
DA:54,5
DA:55,1
DA:56,1
DA:59,4
DA:60,4
DA:61,1
DA:62,1
DA:65,3
DA:72,3
DA:73,1
DA:77,1
DA:80,2
DA:83,1
DA:95,1
DA:101,1
DA:103,1
DA:105,1
DA:110,1
DA:116,1
DA:117,4
DA:118,4
DA:120,4
DA:121,1
DA:122,1
DA:125,3
DA:126,3
DA:127,1
DA:128,1
DA:131,2
DA:133,1
DA:139,1
DA:141,1
DA:143,1
DA:148,1
DA:152,1
LF:55
LH:55
BRDA:49,0,0,1
BRDA:54,1,0,1
BRDA:60,2,0,1
BRDA:72,3,0,1
BRDA:120,4,0,1
BRDA:126,5,0,1
BRF:6
BRH:6
end_of_record
TN:
SF:src\middlewares\errorHandler.ts
FN:4,(anonymous_0)
FN:23,(anonymous_1)
FNF:2
FNH:2
FNDA:4,(anonymous_0)
FNDA:3,(anonymous_1)
DA:4,1
DA:10,4
DA:11,4
DA:13,4
DA:15,4
DA:20,4
DA:23,1
DA:24,3
DA:25,3
DA:26,3
LF:10
LH:10
BRDA:13,0,0,2
BRDA:13,0,1,2
BRDA:17,1,0,4
BRDA:17,1,1,1
BRF:4
BRH:4
end_of_record
TN:
SF:src\services\doctorServices.ts
FN:8,(anonymous_0)
FN:17,(anonymous_1)
FN:32,(anonymous_2)
FN:45,(anonymous_3)
FNF:4
FNH:4
FNDA:3,(anonymous_0)
FNDA:3,(anonymous_1)
FNDA:2,(anonymous_2)
FNDA:2,(anonymous_3)
DA:1,2
DA:4,2
DA:6,2
DA:9,3
DA:18,3
DA:33,2
DA:42,2
DA:46,2
LF:8
LH:8
BRF:0
BRH:0
end_of_record
TN:
SF:src\services\patientQueueServices.ts
FN:9,(anonymous_0)
FN:22,(anonymous_1)
FN:40,(anonymous_2)
FN:46,(anonymous_3)
FNF:4
FNH:4
FNDA:3,(anonymous_0)
FNDA:3,(anonymous_1)
FNDA:2,(anonymous_2)
FNDA:2,(anonymous_3)
DA:1,2
DA:3,2
DA:5,2
DA:7,2
DA:10,3
DA:23,3
DA:25,2
DA:41,2
DA:47,2
LF:9
LH:9
BRF:0
BRH:0
end_of_record
TN:
SF:src\utils\generateQueueNumber.ts
FN:5,(anonymous_0)
FNF:1
FNH:1
FNDA:8,(anonymous_0)
DA:1,2
DA:3,2
DA:5,2
DA:7,8
DA:12,8
DA:13,2
DA:16,6
DA:19,6
DA:20,6
DA:22,6
DA:23,6
DA:25,6
DA:35,6
DA:36,6
LF:14
LH:14
BRDA:12,0,0,2
BRDA:12,1,0,8
BRDA:12,1,1,7
BRF:3
BRH:3
end_of_record
